C:\USERS\AARON\DESKTOP\CS161\HELLO WORLD\HELLO NAME\HELLO NAME\DEBUG\MAIN.OBJ
C:\USERS\AARON\DESKTOP\CS161\HELLO WORLD\HELLO NAME\HELLO NAME\DEBUG\VC110.PDB
C:\USERS\AARON\DESKTOP\CS161\HELLO WORLD\HELLO NAME\DEBUG\HELLO NAME.ILK
C:\USERS\AARON\DESKTOP\CS161\HELLO WORLD\HELLO NAME\DEBUG\HELLO NAME.EXE
C:\USERS\AARON\DESKTOP\CS161\HELLO WORLD\HELLO NAME\DEBUG\HELLO NAME.PDB
C:\Users\aaron\Desktop\CS161\Hello world\Hello Name\Hello Name\Debug\Main.obj
C:\Users\aaron\Desktop\CS161\Hello world\Hello Name\Hello Name\Debug\cl.command.1.tlog
C:\Users\aaron\Desktop\CS161\Hello world\Hello Name\Hello Name\Debug\CL.read.1.tlog
C:\Users\aaron\Desktop\CS161\Hello world\Hello Name\Hello Name\Debug\CL.write.1.tlog
C:\Users\aaron\Desktop\CS161\Hello world\Hello Name\Hello Name\Debug\link-cvtres.read.1.tlog
C:\Users\aaron\Desktop\CS161\Hello world\Hello Name\Hello Name\Debug\link-cvtres.write.1.tlog
C:\Users\aaron\Desktop\CS161\Hello world\Hello Name\Hello Name\Debug\link-rc.read.1.tlog
C:\Users\aaron\Desktop\CS161\Hello world\Hello Name\Hello Name\Debug\link-rc.write.1.tlog
C:\Users\aaron\Desktop\CS161\Hello world\Hello Name\Hello Name\Debug\link.command.1.tlog
C:\Users\aaron\Desktop\CS161\Hello world\Hello Name\Hello Name\Debug\link.read.1.tlog
C:\Users\aaron\Desktop\CS161\Hello world\Hello Name\Hello Name\Debug\link.write.1.tlog
C:\Users\aaron\Desktop\CS161\Hello world\Hello Name\Hello Name\Debug\vc110.idb
C:\Users\aaron\Desktop\CS161\Hello world\Hello Name\Hello Name\Debug\vc110.pdb
C:\Users\aaron\Desktop\CS161\Hello world\Hello Name\Debug\Hello Name.pdb
C:\Users\aaron\Desktop\CS161\Hello world\Hello Name\Debug\Hello Name.exe
C:\Users\aaron\Desktop\CS161\Hello world\Hello Name\Debug\Hello Name.ilk
