C:\USERS\AARON\DESKTOP\CS161\HELLO WORLD\BINARY CHECKER\BINARY CHECKER\DEBUG\SOURCE.OBJ
C:\USERS\AARON\DESKTOP\CS161\HELLO WORLD\BINARY CHECKER\BINARY CHECKER\DEBUG\VC110.PDB
C:\USERS\AARON\DESKTOP\CS161\HELLO WORLD\BINARY CHECKER\DEBUG\BINARY CHECKER.ILK
C:\USERS\AARON\DESKTOP\CS161\HELLO WORLD\BINARY CHECKER\DEBUG\BINARY CHECKER.EXE
C:\USERS\AARON\DESKTOP\CS161\HELLO WORLD\BINARY CHECKER\DEBUG\BINARY CHECKER.PDB
C:\Users\aaron\Desktop\CS161\Hello world\binary checker\binary checker\Debug\Source.obj
C:\Users\aaron\Desktop\CS161\Hello world\binary checker\binary checker\Debug\cl.command.1.tlog
C:\Users\aaron\Desktop\CS161\Hello world\binary checker\binary checker\Debug\CL.read.1.tlog
C:\Users\aaron\Desktop\CS161\Hello world\binary checker\binary checker\Debug\CL.write.1.tlog
C:\Users\aaron\Desktop\CS161\Hello world\binary checker\binary checker\Debug\link-cvtres.read.1.tlog
C:\Users\aaron\Desktop\CS161\Hello world\binary checker\binary checker\Debug\link-cvtres.write.1.tlog
C:\Users\aaron\Desktop\CS161\Hello world\binary checker\binary checker\Debug\link-rc.read.1.tlog
C:\Users\aaron\Desktop\CS161\Hello world\binary checker\binary checker\Debug\link-rc.write.1.tlog
C:\Users\aaron\Desktop\CS161\Hello world\binary checker\binary checker\Debug\link.command.1.tlog
C:\Users\aaron\Desktop\CS161\Hello world\binary checker\binary checker\Debug\link.read.1.tlog
C:\Users\aaron\Desktop\CS161\Hello world\binary checker\binary checker\Debug\link.write.1.tlog
C:\Users\aaron\Desktop\CS161\Hello world\binary checker\binary checker\Debug\vc110.idb
C:\Users\aaron\Desktop\CS161\Hello world\binary checker\binary checker\Debug\vc110.pdb
C:\Users\aaron\Desktop\CS161\Hello world\binary checker\Debug\binary checker.pdb
C:\Users\aaron\Desktop\CS161\Hello world\binary checker\Debug\binary checker.exe
C:\Users\aaron\Desktop\CS161\Hello world\binary checker\Debug\binary checker.ilk
