C:\USERS\AARON\DESKTOP\CS161\HELLO WORLD\TEMPATURES\TEMPATURES\DEBUG\MAIN.OBJ
C:\USERS\AARON\DESKTOP\CS161\HELLO WORLD\TEMPATURES\TEMPATURES\DEBUG\VC110.PDB
C:\USERS\AARON\DESKTOP\CS161\HELLO WORLD\TEMPATURES\DEBUG\TEMPATURES.ILK
C:\USERS\AARON\DESKTOP\CS161\HELLO WORLD\TEMPATURES\DEBUG\TEMPATURES.EXE
C:\USERS\AARON\DESKTOP\CS161\HELLO WORLD\TEMPATURES\DEBUG\TEMPATURES.PDB
C:\Users\aaron\Desktop\CS161\Hello world\Tempatures\Tempatures\Debug\cl.command.1.tlog
C:\Users\aaron\Desktop\CS161\Hello world\Tempatures\Tempatures\Debug\CL.read.1.tlog
C:\Users\aaron\Desktop\CS161\Hello world\Tempatures\Tempatures\Debug\CL.write.1.tlog
C:\Users\aaron\Desktop\CS161\Hello world\Tempatures\Tempatures\Debug\link-cvtres.read.1.tlog
C:\Users\aaron\Desktop\CS161\Hello world\Tempatures\Tempatures\Debug\link-cvtres.write.1.tlog
C:\Users\aaron\Desktop\CS161\Hello world\Tempatures\Tempatures\Debug\link-rc.read.1.tlog
C:\Users\aaron\Desktop\CS161\Hello world\Tempatures\Tempatures\Debug\link-rc.write.1.tlog
C:\Users\aaron\Desktop\CS161\Hello world\Tempatures\Tempatures\Debug\link.command.1.tlog
C:\Users\aaron\Desktop\CS161\Hello world\Tempatures\Tempatures\Debug\link.read.1.tlog
C:\Users\aaron\Desktop\CS161\Hello world\Tempatures\Tempatures\Debug\link.write.1.tlog
C:\Users\aaron\Desktop\CS161\Hello world\Tempatures\Tempatures\Debug\vc110.idb
C:\Users\aaron\Desktop\CS161\Hello world\Tempatures\Tempatures\Debug\vc110.pdb
C:\Users\aaron\Desktop\CS161\Hello world\Tempatures\Debug\Tempatures.pdb
C:\Users\aaron\Desktop\CS161\Hello world\Tempatures\Debug\Tempatures.exe
C:\Users\aaron\Desktop\CS161\Hello world\Tempatures\Debug\Tempatures.ilk
