C:\USERS\AARON\DESKTOP\CS162\HELLOWORLD\GROCERY RUN\GROCERY RUN\DEBUG\MAIN.OBJ
C:\USERS\AARON\DESKTOP\CS162\HELLOWORLD\GROCERY RUN\GROCERY RUN\DEBUG\VC110.PDB
C:\USERS\AARON\DESKTOP\CS162\HELLOWORLD\GROCERY RUN\DEBUG\GROCERY RUN.ILK
C:\USERS\AARON\DESKTOP\CS162\HELLOWORLD\GROCERY RUN\DEBUG\GROCERY RUN.EXE
C:\USERS\AARON\DESKTOP\CS162\HELLOWORLD\GROCERY RUN\DEBUG\GROCERY RUN.PDB
C:\Users\aaron\Desktop\CS162\helloworld\Grocery run\Grocery run\Debug\Main.obj
C:\Users\aaron\Desktop\CS162\helloworld\Grocery run\Grocery run\Debug\cl.command.1.tlog
C:\Users\aaron\Desktop\CS162\helloworld\Grocery run\Grocery run\Debug\CL.read.1.tlog
C:\Users\aaron\Desktop\CS162\helloworld\Grocery run\Grocery run\Debug\CL.write.1.tlog
C:\Users\aaron\Desktop\CS162\helloworld\Grocery run\Grocery run\Debug\link-cvtres.read.1.tlog
C:\Users\aaron\Desktop\CS162\helloworld\Grocery run\Grocery run\Debug\link-cvtres.write.1.tlog
C:\Users\aaron\Desktop\CS162\helloworld\Grocery run\Grocery run\Debug\link-rc.read.1.tlog
C:\Users\aaron\Desktop\CS162\helloworld\Grocery run\Grocery run\Debug\link-rc.write.1.tlog
C:\Users\aaron\Desktop\CS162\helloworld\Grocery run\Grocery run\Debug\link.command.1.tlog
C:\Users\aaron\Desktop\CS162\helloworld\Grocery run\Grocery run\Debug\link.read.1.tlog
C:\Users\aaron\Desktop\CS162\helloworld\Grocery run\Grocery run\Debug\link.write.1.tlog
C:\Users\aaron\Desktop\CS162\helloworld\Grocery run\Grocery run\Debug\vc110.idb
C:\Users\aaron\Desktop\CS162\helloworld\Grocery run\Grocery run\Debug\vc110.pdb
C:\Users\aaron\Desktop\CS162\helloworld\Grocery run\Debug\Grocery run.pdb
C:\Users\aaron\Desktop\CS162\helloworld\Grocery run\Debug\Grocery run.exe
C:\Users\aaron\Desktop\CS162\helloworld\Grocery run\Debug\Grocery run.ilk
