C:\USERS\AARON\DESKTOP\CS162\HELLOWORLD\EXAMPLE\EXAMPLE\DEBUG\DB.OBJ
C:\USERS\AARON\DESKTOP\CS162\HELLOWORLD\EXAMPLE\EXAMPLE\DEBUG\DRIVER.OBJ
C:\USERS\AARON\DESKTOP\CS162\HELLOWORLD\EXAMPLE\EXAMPLE\DEBUG\MYUTIL.OBJ
C:\USERS\AARON\DESKTOP\CS162\HELLOWORLD\EXAMPLE\EXAMPLE\DEBUG\VC110.PDB
C:\USERS\AARON\DESKTOP\CS162\HELLOWORLD\EXAMPLE\DEBUG\EXAMPLE.ILK
C:\USERS\AARON\DESKTOP\CS162\HELLOWORLD\EXAMPLE\DEBUG\EXAMPLE.EXE
C:\USERS\AARON\DESKTOP\CS162\HELLOWORLD\EXAMPLE\DEBUG\EXAMPLE.PDB
C:\Users\aaron\Desktop\CS162\helloworld\example\example\Debug\db.obj
C:\Users\aaron\Desktop\CS162\helloworld\example\example\Debug\driver.obj
C:\Users\aaron\Desktop\CS162\helloworld\example\example\Debug\myUtil.obj
C:\Users\aaron\Desktop\CS162\helloworld\example\example\Debug\cl.command.1.tlog
C:\Users\aaron\Desktop\CS162\helloworld\example\example\Debug\CL.read.1.tlog
C:\Users\aaron\Desktop\CS162\helloworld\example\example\Debug\CL.write.1.tlog
C:\Users\aaron\Desktop\CS162\helloworld\example\example\Debug\link-cvtres.read.1.tlog
C:\Users\aaron\Desktop\CS162\helloworld\example\example\Debug\link-cvtres.write.1.tlog
C:\Users\aaron\Desktop\CS162\helloworld\example\example\Debug\link-rc.read.1.tlog
C:\Users\aaron\Desktop\CS162\helloworld\example\example\Debug\link-rc.write.1.tlog
C:\Users\aaron\Desktop\CS162\helloworld\example\example\Debug\link.command.1.tlog
C:\Users\aaron\Desktop\CS162\helloworld\example\example\Debug\link.read.1.tlog
C:\Users\aaron\Desktop\CS162\helloworld\example\example\Debug\link.write.1.tlog
C:\Users\aaron\Desktop\CS162\helloworld\example\example\Debug\vc110.idb
C:\Users\aaron\Desktop\CS162\helloworld\example\example\Debug\vc110.pdb
C:\Users\aaron\Desktop\CS162\helloworld\example\Debug\example.pdb
C:\Users\aaron\Desktop\CS162\helloworld\example\Debug\example.exe
C:\Users\aaron\Desktop\CS162\helloworld\example\Debug\example.ilk
