C:\USERS\AARON\DESKTOP\CS162\HELLOWORLD\POINTER CALENDER\POINTER CALENDER\DEBUG\COURSE.OBJ
C:\USERS\AARON\DESKTOP\CS162\HELLOWORLD\POINTER CALENDER\POINTER CALENDER\DEBUG\DB.OBJ
C:\USERS\AARON\DESKTOP\CS162\HELLOWORLD\POINTER CALENDER\POINTER CALENDER\DEBUG\MAIN.OBJ
C:\USERS\AARON\DESKTOP\CS162\HELLOWORLD\POINTER CALENDER\POINTER CALENDER\DEBUG\MYUTIL.OBJ
C:\USERS\AARON\DESKTOP\CS162\HELLOWORLD\POINTER CALENDER\POINTER CALENDER\DEBUG\VC110.PDB
C:\USERS\AARON\DESKTOP\CS162\HELLOWORLD\POINTER CALENDER\DEBUG\POINTER CALENDER.ILK
C:\USERS\AARON\DESKTOP\CS162\HELLOWORLD\POINTER CALENDER\DEBUG\POINTER CALENDER.EXE
C:\USERS\AARON\DESKTOP\CS162\HELLOWORLD\POINTER CALENDER\DEBUG\POINTER CALENDER.PDB
C:\Users\aaron\Desktop\CS162\helloworld\Pointer Calender\Pointer Calender\Debug\course.obj
C:\Users\aaron\Desktop\CS162\helloworld\Pointer Calender\Pointer Calender\Debug\db.obj
C:\Users\aaron\Desktop\CS162\helloworld\Pointer Calender\Pointer Calender\Debug\main.obj
C:\Users\aaron\Desktop\CS162\helloworld\Pointer Calender\Pointer Calender\Debug\myUtil.obj
C:\Users\aaron\Desktop\CS162\helloworld\Pointer Calender\Pointer Calender\Debug\cl.command.1.tlog
C:\Users\aaron\Desktop\CS162\helloworld\Pointer Calender\Pointer Calender\Debug\CL.read.1.tlog
C:\Users\aaron\Desktop\CS162\helloworld\Pointer Calender\Pointer Calender\Debug\CL.write.1.tlog
C:\Users\aaron\Desktop\CS162\helloworld\Pointer Calender\Pointer Calender\Debug\link-cvtres.read.1.tlog
C:\Users\aaron\Desktop\CS162\helloworld\Pointer Calender\Pointer Calender\Debug\link-cvtres.write.1.tlog
C:\Users\aaron\Desktop\CS162\helloworld\Pointer Calender\Pointer Calender\Debug\link-rc.read.1.tlog
C:\Users\aaron\Desktop\CS162\helloworld\Pointer Calender\Pointer Calender\Debug\link-rc.write.1.tlog
C:\Users\aaron\Desktop\CS162\helloworld\Pointer Calender\Pointer Calender\Debug\link.command.1.tlog
C:\Users\aaron\Desktop\CS162\helloworld\Pointer Calender\Pointer Calender\Debug\link.read.1.tlog
C:\Users\aaron\Desktop\CS162\helloworld\Pointer Calender\Pointer Calender\Debug\link.write.1.tlog
C:\Users\aaron\Desktop\CS162\helloworld\Pointer Calender\Pointer Calender\Debug\vc110.idb
C:\Users\aaron\Desktop\CS162\helloworld\Pointer Calender\Pointer Calender\Debug\vc110.pdb
C:\Users\aaron\Desktop\CS162\helloworld\Pointer Calender\Debug\Pointer Calender.pdb
C:\Users\aaron\Desktop\CS162\helloworld\Pointer Calender\Debug\Pointer Calender.exe
C:\Users\aaron\Desktop\CS162\helloworld\Pointer Calender\Debug\Pointer Calender.ilk
