C:\USERS\AARON\DESKTOP\CS161\HELLO WORLD\INSURANCE CALC\INSURANCE CALC\DEBUG\MAIN.OBJ
C:\USERS\AARON\DESKTOP\CS161\HELLO WORLD\INSURANCE CALC\INSURANCE CALC\DEBUG\VC110.PDB
C:\USERS\AARON\DESKTOP\CS161\HELLO WORLD\INSURANCE CALC\DEBUG\INSURANCE CALC.ILK
C:\USERS\AARON\DESKTOP\CS161\HELLO WORLD\INSURANCE CALC\DEBUG\INSURANCE CALC.EXE
C:\USERS\AARON\DESKTOP\CS161\HELLO WORLD\INSURANCE CALC\DEBUG\INSURANCE CALC.PDB
C:\Users\aaron\Desktop\CS161\Hello world\Insurance calc\Insurance calc\Debug\main.obj
C:\Users\aaron\Desktop\CS161\Hello world\Insurance calc\Insurance calc\Debug\cl.command.1.tlog
C:\Users\aaron\Desktop\CS161\Hello world\Insurance calc\Insurance calc\Debug\CL.read.1.tlog
C:\Users\aaron\Desktop\CS161\Hello world\Insurance calc\Insurance calc\Debug\CL.write.1.tlog
C:\Users\aaron\Desktop\CS161\Hello world\Insurance calc\Insurance calc\Debug\link-cvtres.read.1.tlog
C:\Users\aaron\Desktop\CS161\Hello world\Insurance calc\Insurance calc\Debug\link-cvtres.write.1.tlog
C:\Users\aaron\Desktop\CS161\Hello world\Insurance calc\Insurance calc\Debug\link-rc.read.1.tlog
C:\Users\aaron\Desktop\CS161\Hello world\Insurance calc\Insurance calc\Debug\link-rc.write.1.tlog
C:\Users\aaron\Desktop\CS161\Hello world\Insurance calc\Insurance calc\Debug\link.command.1.tlog
C:\Users\aaron\Desktop\CS161\Hello world\Insurance calc\Insurance calc\Debug\link.read.1.tlog
C:\Users\aaron\Desktop\CS161\Hello world\Insurance calc\Insurance calc\Debug\link.write.1.tlog
C:\Users\aaron\Desktop\CS161\Hello world\Insurance calc\Insurance calc\Debug\vc110.idb
C:\Users\aaron\Desktop\CS161\Hello world\Insurance calc\Insurance calc\Debug\vc110.pdb
C:\Users\aaron\Desktop\CS161\Hello world\Insurance calc\Debug\Insurance calc.pdb
C:\Users\aaron\Desktop\CS161\Hello world\Insurance calc\Debug\Insurance calc.exe
C:\Users\aaron\Desktop\CS161\Hello world\Insurance calc\Debug\Insurance calc.ilk
