C:\USERS\AARON\DESKTOP\CS161\HELLO WORLD\TEMPSA\TEMPSA\DEBUG\MAIN.OBJ
C:\USERS\AARON\DESKTOP\CS161\HELLO WORLD\TEMPSA\TEMPSA\DEBUG\VC110.PDB
C:\USERS\AARON\DESKTOP\CS161\HELLO WORLD\TEMPSA\DEBUG\TEMPSA.ILK
C:\USERS\AARON\DESKTOP\CS161\HELLO WORLD\TEMPSA\DEBUG\TEMPSA.EXE
C:\USERS\AARON\DESKTOP\CS161\HELLO WORLD\TEMPSA\DEBUG\TEMPSA.PDB
C:\Users\aaron\Desktop\CS161\Hello world\tempsa\tempsa\Debug\Main.obj
C:\Users\aaron\Desktop\CS161\Hello world\tempsa\tempsa\Debug\cl.command.1.tlog
C:\Users\aaron\Desktop\CS161\Hello world\tempsa\tempsa\Debug\CL.read.1.tlog
C:\Users\aaron\Desktop\CS161\Hello world\tempsa\tempsa\Debug\CL.write.1.tlog
C:\Users\aaron\Desktop\CS161\Hello world\tempsa\tempsa\Debug\link-cvtres.read.1.tlog
C:\Users\aaron\Desktop\CS161\Hello world\tempsa\tempsa\Debug\link-cvtres.write.1.tlog
C:\Users\aaron\Desktop\CS161\Hello world\tempsa\tempsa\Debug\link-rc.read.1.tlog
C:\Users\aaron\Desktop\CS161\Hello world\tempsa\tempsa\Debug\link-rc.write.1.tlog
C:\Users\aaron\Desktop\CS161\Hello world\tempsa\tempsa\Debug\link.command.1.tlog
C:\Users\aaron\Desktop\CS161\Hello world\tempsa\tempsa\Debug\link.read.1.tlog
C:\Users\aaron\Desktop\CS161\Hello world\tempsa\tempsa\Debug\link.write.1.tlog
C:\Users\aaron\Desktop\CS161\Hello world\tempsa\tempsa\Debug\vc110.idb
C:\Users\aaron\Desktop\CS161\Hello world\tempsa\tempsa\Debug\vc110.pdb
C:\Users\aaron\Desktop\CS161\Hello world\tempsa\Debug\tempsa.pdb
C:\Users\aaron\Desktop\CS161\Hello world\tempsa\Debug\tempsa.exe
C:\Users\aaron\Desktop\CS161\Hello world\tempsa\Debug\tempsa.ilk
