C:\USERS\AARON\DESKTOP\CS161\HELLO WORLD\WINE TIME\WINE TIME\DEBUG\MAIN.OBJ
C:\USERS\AARON\DESKTOP\CS161\HELLO WORLD\WINE TIME\WINE TIME\DEBUG\VC110.PDB
C:\USERS\AARON\DESKTOP\CS161\HELLO WORLD\WINE TIME\DEBUG\WINE TIME.ILK
C:\USERS\AARON\DESKTOP\CS161\HELLO WORLD\WINE TIME\DEBUG\WINE TIME.EXE
C:\USERS\AARON\DESKTOP\CS161\HELLO WORLD\WINE TIME\DEBUG\WINE TIME.PDB
C:\Users\aaron\Desktop\CS161\Hello world\Wine Time\Wine Time\Debug\Main.obj
C:\Users\aaron\Desktop\CS161\Hello world\Wine Time\Wine Time\Debug\cl.command.1.tlog
C:\Users\aaron\Desktop\CS161\Hello world\Wine Time\Wine Time\Debug\CL.read.1.tlog
C:\Users\aaron\Desktop\CS161\Hello world\Wine Time\Wine Time\Debug\CL.write.1.tlog
C:\Users\aaron\Desktop\CS161\Hello world\Wine Time\Wine Time\Debug\link-cvtres.read.1.tlog
C:\Users\aaron\Desktop\CS161\Hello world\Wine Time\Wine Time\Debug\link-cvtres.write.1.tlog
C:\Users\aaron\Desktop\CS161\Hello world\Wine Time\Wine Time\Debug\link-rc.read.1.tlog
C:\Users\aaron\Desktop\CS161\Hello world\Wine Time\Wine Time\Debug\link-rc.write.1.tlog
C:\Users\aaron\Desktop\CS161\Hello world\Wine Time\Wine Time\Debug\link.command.1.tlog
C:\Users\aaron\Desktop\CS161\Hello world\Wine Time\Wine Time\Debug\link.read.1.tlog
C:\Users\aaron\Desktop\CS161\Hello world\Wine Time\Wine Time\Debug\link.write.1.tlog
C:\Users\aaron\Desktop\CS161\Hello world\Wine Time\Wine Time\Debug\vc110.idb
C:\Users\aaron\Desktop\CS161\Hello world\Wine Time\Wine Time\Debug\vc110.pdb
C:\Users\aaron\Desktop\CS161\Hello world\Wine Time\Debug\Wine Time.pdb
C:\Users\aaron\Desktop\CS161\Hello world\Wine Time\Debug\Wine Time.exe
C:\Users\aaron\Desktop\CS161\Hello world\Wine Time\Debug\Wine Time.ilk
