C:\USERS\AARON\DESKTOP\TASK OBJECT APP\TASK OBJECT APP\DEBUG\DB.OBJ
C:\USERS\AARON\DESKTOP\TASK OBJECT APP\TASK OBJECT APP\DEBUG\MAIN.OBJ
C:\USERS\AARON\DESKTOP\TASK OBJECT APP\TASK OBJECT APP\DEBUG\MYUTIL.OBJ
C:\USERS\AARON\DESKTOP\TASK OBJECT APP\TASK OBJECT APP\DEBUG\COURSE.OBJ
C:\USERS\AARON\DESKTOP\TASK OBJECT APP\TASK OBJECT APP\DEBUG\VC110.PDB
C:\USERS\AARON\DESKTOP\CS162\HELLOWORLD\TASK OBJECT APP\TASK OBJECT APP\DEBUG\DB.OBJ
C:\USERS\AARON\DESKTOP\CS162\HELLOWORLD\TASK OBJECT APP\TASK OBJECT APP\DEBUG\MAIN.OBJ
C:\USERS\AARON\DESKTOP\CS162\HELLOWORLD\TASK OBJECT APP\TASK OBJECT APP\DEBUG\MYUTIL.OBJ
C:\USERS\AARON\DESKTOP\CS162\HELLOWORLD\TASK OBJECT APP\TASK OBJECT APP\DEBUG\COURSE.OBJ
C:\USERS\AARON\DESKTOP\CS162\HELLOWORLD\TASK OBJECT APP\TASK OBJECT APP\DEBUG\VC110.PDB
C:\USERS\AARON\DESKTOP\BACKUP\C++CODE\CS162\HELLOWORLD\TASK OBJECT APP\TASK OBJECT APP\DEBUG\DB.OBJ
C:\USERS\AARON\DESKTOP\BACKUP\C++CODE\CS162\HELLOWORLD\TASK OBJECT APP\TASK OBJECT APP\DEBUG\MAIN.OBJ
C:\USERS\AARON\DESKTOP\BACKUP\C++CODE\CS162\HELLOWORLD\TASK OBJECT APP\TASK OBJECT APP\DEBUG\MYUTIL.OBJ
C:\USERS\AARON\DESKTOP\BACKUP\C++CODE\CS162\HELLOWORLD\TASK OBJECT APP\TASK OBJECT APP\DEBUG\COURSE.OBJ
C:\USERS\AARON\DESKTOP\BACKUP\C++CODE\CS162\HELLOWORLD\TASK OBJECT APP\TASK OBJECT APP\DEBUG\VC110.PDB
C:\USERS\AARON\DESKTOP\TASK OBJECT APP\DEBUG\TASK OBJECT APP.ILK
C:\USERS\AARON\DESKTOP\TASK OBJECT APP\DEBUG\TASK OBJECT APP.EXE
C:\USERS\AARON\DESKTOP\TASK OBJECT APP\DEBUG\TASK OBJECT APP.PDB
C:\USERS\AARON\DESKTOP\CS162\HELLOWORLD\TASK OBJECT APP\DEBUG\TASK OBJECT APP.ILK
C:\USERS\AARON\DESKTOP\CS162\HELLOWORLD\TASK OBJECT APP\DEBUG\TASK OBJECT APP.EXE
C:\USERS\AARON\DESKTOP\CS162\HELLOWORLD\TASK OBJECT APP\DEBUG\TASK OBJECT APP.PDB
C:\USERS\AARON\DESKTOP\BACKUP\C++CODE\CS162\HELLOWORLD\TASK OBJECT APP\DEBUG\TASK OBJECT APP.ILK
C:\USERS\AARON\DESKTOP\BACKUP\C++CODE\CS162\HELLOWORLD\TASK OBJECT APP\DEBUG\TASK OBJECT APP.EXE
C:\USERS\AARON\DESKTOP\BACKUP\C++CODE\CS162\HELLOWORLD\TASK OBJECT APP\DEBUG\TASK OBJECT APP.PDB
C:\Users\aaron\Desktop\backup\C++code\CS162\helloworld\Task Object app\Task Object app\Debug\course.obj
C:\Users\aaron\Desktop\backup\C++code\CS162\helloworld\Task Object app\Task Object app\Debug\db.obj
C:\Users\aaron\Desktop\backup\C++code\CS162\helloworld\Task Object app\Task Object app\Debug\main.obj
C:\Users\aaron\Desktop\backup\C++code\CS162\helloworld\Task Object app\Task Object app\Debug\myUtil.obj
C:\Users\aaron\Desktop\backup\C++code\CS162\helloworld\Task Object app\Task Object app\Debug\cl.command.1.tlog
C:\Users\aaron\Desktop\backup\C++code\CS162\helloworld\Task Object app\Task Object app\Debug\CL.read.1.tlog
C:\Users\aaron\Desktop\backup\C++code\CS162\helloworld\Task Object app\Task Object app\Debug\CL.write.1.tlog
C:\Users\aaron\Desktop\backup\C++code\CS162\helloworld\Task Object app\Task Object app\Debug\link-cvtres.read.1.tlog
C:\Users\aaron\Desktop\backup\C++code\CS162\helloworld\Task Object app\Task Object app\Debug\link-cvtres.write.1.tlog
C:\Users\aaron\Desktop\backup\C++code\CS162\helloworld\Task Object app\Task Object app\Debug\link-rc.read.1.tlog
C:\Users\aaron\Desktop\backup\C++code\CS162\helloworld\Task Object app\Task Object app\Debug\link-rc.write.1.tlog
C:\Users\aaron\Desktop\backup\C++code\CS162\helloworld\Task Object app\Task Object app\Debug\link.command.1.tlog
C:\Users\aaron\Desktop\backup\C++code\CS162\helloworld\Task Object app\Task Object app\Debug\link.read.1.tlog
C:\Users\aaron\Desktop\backup\C++code\CS162\helloworld\Task Object app\Task Object app\Debug\link.write.1.tlog
C:\Users\aaron\Desktop\backup\C++code\CS162\helloworld\Task Object app\Task Object app\Debug\vc110.idb
C:\Users\aaron\Desktop\backup\C++code\CS162\helloworld\Task Object app\Task Object app\Debug\vc110.pdb
C:\Users\aaron\Desktop\backup\C++code\CS162\helloworld\Task Object app\Debug\Task Object app.pdb
C:\Users\aaron\Desktop\backup\C++code\CS162\helloworld\Task Object app\Debug\Task Object app.exe
C:\Users\aaron\Desktop\backup\C++code\CS162\helloworld\Task Object app\Debug\Task Object app.ilk
