C:\USERS\AARON\DESKTOP\CS162\HELLOWORLD\PROJECT5\PROJECT5\DEBUG\MAIN.OBJ
C:\USERS\AARON\DESKTOP\CS162\HELLOWORLD\PROJECT5\PROJECT5\DEBUG\MYUTIL.OBJ
C:\USERS\AARON\DESKTOP\CS162\HELLOWORLD\PROJECT5\PROJECT5\DEBUG\DB.OBJ
C:\USERS\AARON\DESKTOP\CS162\HELLOWORLD\PROJECT5\PROJECT5\DEBUG\VC110.PDB
C:\USERS\AARON\DESKTOP\CS162\HELLOWORLD\PROJECT5\DEBUG\PROJECT5.ILK
C:\USERS\AARON\DESKTOP\CS162\HELLOWORLD\PROJECT5\DEBUG\PROJECT5.EXE
C:\USERS\AARON\DESKTOP\CS162\HELLOWORLD\PROJECT5\DEBUG\PROJECT5.PDB
C:\Users\aaron\Desktop\CS162\helloworld\Project5\Project5\Debug\db.obj
C:\Users\aaron\Desktop\CS162\helloworld\Project5\Project5\Debug\main.obj
C:\Users\aaron\Desktop\CS162\helloworld\Project5\Project5\Debug\myUtil.obj
C:\Users\aaron\Desktop\CS162\helloworld\Project5\Project5\Debug\cl.command.1.tlog
C:\Users\aaron\Desktop\CS162\helloworld\Project5\Project5\Debug\CL.read.1.tlog
C:\Users\aaron\Desktop\CS162\helloworld\Project5\Project5\Debug\CL.write.1.tlog
C:\Users\aaron\Desktop\CS162\helloworld\Project5\Project5\Debug\link-cvtres.read.1.tlog
C:\Users\aaron\Desktop\CS162\helloworld\Project5\Project5\Debug\link-cvtres.write.1.tlog
C:\Users\aaron\Desktop\CS162\helloworld\Project5\Project5\Debug\link-rc.read.1.tlog
C:\Users\aaron\Desktop\CS162\helloworld\Project5\Project5\Debug\link-rc.write.1.tlog
C:\Users\aaron\Desktop\CS162\helloworld\Project5\Project5\Debug\link.command.1.tlog
C:\Users\aaron\Desktop\CS162\helloworld\Project5\Project5\Debug\link.read.1.tlog
C:\Users\aaron\Desktop\CS162\helloworld\Project5\Project5\Debug\link.write.1.tlog
C:\Users\aaron\Desktop\CS162\helloworld\Project5\Project5\Debug\vc110.idb
C:\Users\aaron\Desktop\CS162\helloworld\Project5\Project5\Debug\vc110.pdb
C:\Users\aaron\Desktop\CS162\helloworld\Project5\Debug\Project5.pdb
C:\Users\aaron\Desktop\CS162\helloworld\Project5\Debug\Project5.exe
C:\Users\aaron\Desktop\CS162\helloworld\Project5\Debug\Project5.ilk
